<?xml version="1.0" encoding="UTF-8"?>
<testsuite xmlns:xsi="http://www.w3.org/2001/XMLSchema-instance" xsi:noNamespaceSchemaLocation="https://maven.apache.org/surefire/maven-surefire-plugin/xsd/surefire-test-report-3.0.xsd" version="3.0" name="TestSuite" time="2.948" tests="7" errors="0" skipped="0" failures="0">
  <properties>
    <property name="java.specification.version" value="13"/>
    <property name="sun.jnu.encoding" value="UTF-8"/>
    <property name="java.class.path" value="/Users/mustafa/IdeaProjects/postcodes-api/target/test-classes:/Users/mustafa/IdeaProjects/postcodes-api/target/classes:/Users/mustafa/.m2/repository/io/rest-assured/rest-assured/4.4.0/rest-assured-4.4.0.jar:/Users/mustafa/.m2/repository/org/codehaus/groovy/groovy/3.0.8/groovy-3.0.8.jar:/Users/mustafa/.m2/repository/org/codehaus/groovy/groovy-xml/3.0.8/groovy-xml-3.0.8.jar:/Users/mustafa/.m2/repository/org/apache/httpcomponents/httpclient/4.5.13/httpclient-4.5.13.jar:/Users/mustafa/.m2/repository/org/apache/httpcomponents/httpcore/4.4.13/httpcore-4.4.13.jar:/Users/mustafa/.m2/repository/commons-logging/commons-logging/1.2/commons-logging-1.2.jar:/Users/mustafa/.m2/repository/commons-codec/commons-codec/1.11/commons-codec-1.11.jar:/Users/mustafa/.m2/repository/org/apache/httpcomponents/httpmime/4.5.13/httpmime-4.5.13.jar:/Users/mustafa/.m2/repository/org/hamcrest/hamcrest/2.1/hamcrest-2.1.jar:/Users/mustafa/.m2/repository/org/ccil/cowan/tagsoup/tagsoup/1.2.1/tagsoup-1.2.1.jar:/Users/mustafa/.m2/repository/io/rest-assured/json-path/4.4.0/json-path-4.4.0.jar:/Users/mustafa/.m2/repository/org/codehaus/groovy/groovy-json/3.0.8/groovy-json-3.0.8.jar:/Users/mustafa/.m2/repository/io/rest-assured/rest-assured-common/4.4.0/rest-assured-common-4.4.0.jar:/Users/mustafa/.m2/repository/io/rest-assured/xml-path/4.4.0/xml-path-4.4.0.jar:/Users/mustafa/.m2/repository/org/apache/commons/commons-lang3/3.11/commons-lang3-3.11.jar:/Users/mustafa/.m2/repository/jakarta/xml/bind/jakarta.xml.bind-api/2.3.3/jakarta.xml.bind-api-2.3.3.jar:/Users/mustafa/.m2/repository/jakarta/activation/jakarta.activation-api/1.2.2/jakarta.activation-api-1.2.2.jar:/Users/mustafa/.m2/repository/com/sun/xml/bind/jaxb-impl/2.3.3/jaxb-impl-2.3.3.jar:/Users/mustafa/.m2/repository/com/google/code/gson/gson/2.8.8/gson-2.8.8.jar:/Users/mustafa/.m2/repository/org/testng/testng/7.4.0/testng-7.4.0.jar:/Users/mustafa/.m2/repository/com/beust/jcommander/1.78/jcommander-1.78.jar:/Users/mustafa/.m2/repository/org/webjars/jquery/3.5.1/jquery-3.5.1.jar:/Users/mustafa/.m2/repository/org/projectlombok/lombok/1.18.22/lombok-1.18.22.jar:"/>
    <property name="java.vm.vendor" value="Oracle Corporation"/>
    <property name="sun.arch.data.model" value="64"/>
    <property name="java.vendor.url" value="https://java.oracle.com/"/>
    <property name="user.timezone" value="Europe/London"/>
    <property name="os.name" value="Mac OS X"/>
    <property name="java.vm.specification.version" value="13"/>
    <property name="sun.java.launcher" value="SUN_STANDARD"/>
    <property name="user.country" value="GB"/>
    <property name="sun.boot.library.path" value="/Library/Java/JavaVirtualMachines/jdk-13.0.1.jdk/Contents/Home/lib"/>
    <property name="sun.java.command" value="/Users/mustafa/IdeaProjects/postcodes-api/target/surefire/surefirebooter2049374837950208059.jar /Users/mustafa/IdeaProjects/postcodes-api/target/surefire 2021-12-23T23-31-05_201-jvmRun1 surefire13613133673737753881tmp surefire_08683739339152510996tmp"/>
    <property name="http.nonProxyHosts" value="local|*.local|169.254/16|*.169.254/16"/>
    <property name="jdk.debug" value="release"/>
    <property name="surefire.test.class.path" value="/Users/mustafa/IdeaProjects/postcodes-api/target/test-classes:/Users/mustafa/IdeaProjects/postcodes-api/target/classes:/Users/mustafa/.m2/repository/io/rest-assured/rest-assured/4.4.0/rest-assured-4.4.0.jar:/Users/mustafa/.m2/repository/org/codehaus/groovy/groovy/3.0.8/groovy-3.0.8.jar:/Users/mustafa/.m2/repository/org/codehaus/groovy/groovy-xml/3.0.8/groovy-xml-3.0.8.jar:/Users/mustafa/.m2/repository/org/apache/httpcomponents/httpclient/4.5.13/httpclient-4.5.13.jar:/Users/mustafa/.m2/repository/org/apache/httpcomponents/httpcore/4.4.13/httpcore-4.4.13.jar:/Users/mustafa/.m2/repository/commons-logging/commons-logging/1.2/commons-logging-1.2.jar:/Users/mustafa/.m2/repository/commons-codec/commons-codec/1.11/commons-codec-1.11.jar:/Users/mustafa/.m2/repository/org/apache/httpcomponents/httpmime/4.5.13/httpmime-4.5.13.jar:/Users/mustafa/.m2/repository/org/hamcrest/hamcrest/2.1/hamcrest-2.1.jar:/Users/mustafa/.m2/repository/org/ccil/cowan/tagsoup/tagsoup/1.2.1/tagsoup-1.2.1.jar:/Users/mustafa/.m2/repository/io/rest-assured/json-path/4.4.0/json-path-4.4.0.jar:/Users/mustafa/.m2/repository/org/codehaus/groovy/groovy-json/3.0.8/groovy-json-3.0.8.jar:/Users/mustafa/.m2/repository/io/rest-assured/rest-assured-common/4.4.0/rest-assured-common-4.4.0.jar:/Users/mustafa/.m2/repository/io/rest-assured/xml-path/4.4.0/xml-path-4.4.0.jar:/Users/mustafa/.m2/repository/org/apache/commons/commons-lang3/3.11/commons-lang3-3.11.jar:/Users/mustafa/.m2/repository/jakarta/xml/bind/jakarta.xml.bind-api/2.3.3/jakarta.xml.bind-api-2.3.3.jar:/Users/mustafa/.m2/repository/jakarta/activation/jakarta.activation-api/1.2.2/jakarta.activation-api-1.2.2.jar:/Users/mustafa/.m2/repository/com/sun/xml/bind/jaxb-impl/2.3.3/jaxb-impl-2.3.3.jar:/Users/mustafa/.m2/repository/com/google/code/gson/gson/2.8.8/gson-2.8.8.jar:/Users/mustafa/.m2/repository/org/testng/testng/7.4.0/testng-7.4.0.jar:/Users/mustafa/.m2/repository/com/beust/jcommander/1.78/jcommander-1.78.jar:/Users/mustafa/.m2/repository/org/webjars/jquery/3.5.1/jquery-3.5.1.jar:/Users/mustafa/.m2/repository/org/projectlombok/lombok/1.18.22/lombok-1.18.22.jar:"/>
    <property name="sun.cpu.endian" value="little"/>
    <property name="user.home" value="/Users/mustafa"/>
    <property name="user.language" value="en"/>
    <property name="java.specification.vendor" value="Oracle Corporation"/>
    <property name="java.version.date" value="2019-10-15"/>
    <property name="java.home" value="/Library/Java/JavaVirtualMachines/jdk-13.0.1.jdk/Contents/Home"/>
    <property name="file.separator" value="/"/>
    <property name="basedir" value="/Users/mustafa/IdeaProjects/postcodes-api"/>
    <property name="java.vm.compressedOopsMode" value="Zero based"/>
    <property name="line.separator" value="&#10;"/>
    <property name="java.specification.name" value="Java Platform API Specification"/>
    <property name="java.vm.specification.vendor" value="Oracle Corporation"/>
    <property name="surefire.real.class.path" value="/Users/mustafa/IdeaProjects/postcodes-api/target/surefire/surefirebooter2049374837950208059.jar"/>
    <property name="sun.management.compiler" value="HotSpot 64-Bit Tiered Compilers"/>
    <property name="ftp.nonProxyHosts" value="local|*.local|169.254/16|*.169.254/16"/>
    <property name="java.runtime.version" value="13.0.1+9"/>
    <property name="user.name" value="mustafa"/>
    <property name="path.separator" value=":"/>
    <property name="os.version" value="10.15.2"/>
    <property name="java.runtime.name" value="Java(TM) SE Runtime Environment"/>
    <property name="file.encoding" value="UTF-8"/>
    <property name="java.vm.name" value="Java HotSpot(TM) 64-Bit Server VM"/>
    <property name="localRepository" value="/Users/mustafa/.m2/repository"/>
    <property name="java.vendor.url.bug" value="https://bugreport.java.com/bugreport/"/>
    <property name="java.io.tmpdir" value="/var/folders/cj/k_kc_h3x2m55q18vpjtn5pvh0000gn/T/"/>
    <property name="java.version" value="13.0.1"/>
    <property name="user.dir" value="/Users/mustafa/IdeaProjects/postcodes-api"/>
    <property name="os.arch" value="x86_64"/>
    <property name="java.vm.specification.name" value="Java Virtual Machine Specification"/>
    <property name="idea.version2019.3.4" value="true"/>
    <property name="java.library.path" value="/Users/mustafa/Library/Java/Extensions:/Library/Java/Extensions:/Network/Library/Java/Extensions:/System/Library/Java/Extensions:/usr/lib/java:."/>
    <property name="java.vm.info" value="mixed mode, sharing"/>
    <property name="java.vendor" value="Oracle Corporation"/>
    <property name="java.vm.version" value="13.0.1+9"/>
    <property name="sun.io.unicode.encoding" value="UnicodeBig"/>
    <property name="socksNonProxyHosts" value="local|*.local|169.254/16|*.169.254/16"/>
    <property name="java.class.version" value="57.0"/>
  </properties>
  <testcase name="validateInvalidPostcode" classname="io.postcodes.controller.ValidateController" time="1.73"/>
  <testcase name="validatePostcode" classname="io.postcodes.controller.ValidateController" time="0.085"/>
  <testcase name="verifyInvalidPostcode" classname="io.postcodes.controller.PostcodeController" time="0.141"/>
  <testcase name="verifyPostcode" classname="io.postcodes.controller.PostcodeController" time="0.119"/>
  <testcase name="verifyWithoutPostcode" classname="io.postcodes.controller.PostcodeController" time="0.101"/>
  <testcase name="verifyPostcode" classname="io.postcodes.controller.NearestController" time="0.119"/>
  <testcase name="validateRandomPostcode" classname="io.postcodes.controller.RandomController" time="0.234"/>
</testsuite>