<?xml version="1.0" encoding="UTF-8"?>
<!-- Generated by org.testng.reporters.JUnitReportReporter -->
<testsuite hostname="Mustafas-MacBook-Pro.local" failures="0" tests="2" name="io.postcodes.controller.ValidateController" time="1.815" errors="0" timestamp="2021-12-23T23:31:08 GMT" skipped="0">
  <testcase classname="io.postcodes.controller.ValidateController" name="validatePostcode" time="0.086"/>
  <system-out/>
  <testcase classname="io.postcodes.controller.ValidateController" name="validateInvalidPostcode" time="1.729"/>
  <system-out/>
</testsuite> <!-- io.postcodes.controller.ValidateController -->
