<?xml version="1.0" encoding="UTF-8"?>
<!-- Generated by org.testng.reporters.JUnitReportReporter -->
<testsuite hostname="Mustafas-MacBook-Pro.local" failures="0" tests="3" name="io.postcodes.controller.PostcodeController" time="0.362" errors="0" timestamp="2021-12-23T23:31:08 GMT" skipped="0">
  <testcase classname="io.postcodes.controller.PostcodeController" name="verifyWithoutPostcode" time="0.102"/>
  <system-out/>
  <testcase classname="io.postcodes.controller.PostcodeController" name="verifyPostcode" time="0.118"/>
  <system-out/>
  <testcase classname="io.postcodes.controller.PostcodeController" name="verifyInvalidPostcode" time="0.142"/>
  <system-out/>
</testsuite> <!-- io.postcodes.controller.PostcodeController -->
