<?xml version="1.0" encoding="UTF-8"?>
<!-- Generated by org.testng.reporters.JUnitReportReporter -->
<testsuite hostname="Mustafas-MacBook-Pro.local" failures="0" tests="1" name="io.postcodes.controller.NearestController" time="0.118" errors="0" timestamp="2021-12-23T23:31:08 GMT" skipped="0">
  <testcase classname="io.postcodes.controller.NearestController" name="verifyPostcode" time="0.118"/>
  <system-out/>
</testsuite> <!-- io.postcodes.controller.NearestController -->
